<?xml version="1.0" encoding="UTF-8"?>
<testsuite xmlns:xsi="http://www.w3.org/2001/XMLSchema-instance" xsi:noNamespaceSchemaLocation="https://maven.apache.org/surefire/maven-surefire-plugin/xsd/surefire-test-report.xsd" name="application.SavingsCalculatorTest" time="19.559" tests="7" errors="0" skipped="0" failures="0">
  <properties>
[...]
</properties>
  <testcase name="uiSlidersTest" classname="application.SavingsCalculatorTest" time="2.07"/>
  <testcase name="calculatingSavingsWithMinimumValues" classname="application.SavingsCalculatorTest" time="3.317"/>
  <testcase name="uiLineChartTest" classname="application.SavingsCalculatorTest" time="0.384"/>
  <testcase name="interestrateWithMinSavingsAndMaxInterestRate" classname="application.SavingsCalculatorTest" time="5.081"/>
  <testcase name="uiUsesBorderPane" classname="application.SavingsCalculatorTest" time="0.389"/>
  <testcase name="calculatingSavingsWithMaximumValues" classname="application.SavingsCalculatorTest" time="2.971"/>
  <testcase name="interestrateWithMaxSavingsAndMaxInterestRate" classname="application.SavingsCalculatorTest" time="5.242"/>
</testsuite>