-------------------------------------------------------------------------------
Test set: buttonandlabel.ButtonAndLabelTest
-------------------------------------------------------------------------------
Tests run: 1, Failures: 1, Errors: 0, Skipped: 0, Time elapsed: 1.475 s <<< FAILURE! - in buttonandlabel.ButtonAndLabelTest
hasRequiredElements(buttonandlabel.ButtonAndLabelTest)  Time elapsed: 1.388 s  <<< FAILURE!
java.lang.AssertionError: Scene object did not contain a button
	at buttonandlabel.ButtonAndLabelTest.hasRequiredElements(ButtonAndLabelTest.java:86)

